# Logfile created on 2014-02-04 15:40:29 -0600 by logger.rb/41954
I, [2014-02-04T15:40:29.748749 #2240]  INFO -- : 0:  i18n (0.6.9) from /Users/tamara/.gem/ruby/2.0.0/specifications/i18n-0.6.9.gemspec
I, [2014-02-04T15:40:29.756065 #2240]  INFO -- : 0:  minitest (4.7.5) from /Users/tamara/.gem/ruby/2.0.0/specifications/minitest-4.7.5.gemspec
I, [2014-02-04T15:40:29.756572 #2240]  INFO -- : 0:  multi_json (1.8.4) from /Users/tamara/.gem/ruby/2.0.0/specifications/multi_json-1.8.4.gemspec
I, [2014-02-04T15:40:29.756995 #2240]  INFO -- : 0:  atomic (1.1.14) from /Users/tamara/.gem/ruby/2.0.0/specifications/atomic-1.1.14.gemspec
I, [2014-02-04T15:40:29.757419 #2240]  INFO -- : 0:  thread_safe (0.1.3) from /Users/tamara/.gem/ruby/2.0.0/specifications/thread_safe-0.1.3.gemspec
I, [2014-02-04T15:40:29.757806 #2240]  INFO -- : 0:  tzinfo (0.3.38) from /Users/tamara/.gem/ruby/2.0.0/specifications/tzinfo-0.3.38.gemspec
I, [2014-02-04T15:40:29.758197 #2240]  INFO -- : 0:  activesupport (4.0.2) from /Users/tamara/.gem/ruby/2.0.0/specifications/activesupport-4.0.2.gemspec
I, [2014-02-04T15:40:31.769561 #2240]  INFO -- : 0:  active_utils (2.0.1) from /Users/tamara/.gem/ruby/2.0.0/specifications/active_utils-2.0.1.gemspec
I, [2014-02-04T15:40:31.770095 #2240]  INFO -- : 0:  builder (3.2.2) from /Users/tamara/.gem/ruby/2.0.0/specifications/builder-3.2.2.gemspec
I, [2014-02-04T15:40:31.770417 #2240]  INFO -- : 0:  json (1.8.1) from /Users/tamara/.gem/ruby/2.0.0/specifications/json-1.8.1.gemspec
I, [2014-02-04T15:40:32.717052 #2240]  INFO -- : 0:  monetize (0.1.4) from /Users/tamara/.gem/ruby/2.0.0/specifications/monetize-0.1.4.gemspec
I, [2014-02-04T15:40:34.013328 #2240]  INFO -- : 0:  money (6.0.1) from /Users/tamara/.gem/ruby/2.0.0/specifications/money-6.0.1.gemspec
I, [2014-02-04T15:40:34.013764 #2240]  INFO -- : 0:  mini_portile (0.5.2) from /Users/tamara/.gem/ruby/2.0.0/specifications/mini_portile-0.5.2.gemspec
I, [2014-02-04T15:40:34.014044 #2240]  INFO -- : 0:  nokogiri (1.6.1) from /Users/tamara/.gem/ruby/2.0.0/specifications/nokogiri-1.6.1.gemspec
I, [2014-02-04T15:40:35.923315 #2240]  INFO -- : 0:  activemerchant (1.42.4) from /Users/tamara/.gem/ruby/2.0.0/specifications/activemerchant-1.42.4.gemspec
I, [2014-02-04T15:40:35.923784 #2240]  INFO -- : 0:  awesome_print (1.2.0) from /Users/tamara/.gem/ruby/2.0.0/specifications/awesome_print-1.2.0.gemspec
I, [2014-02-04T15:40:35.924100 #2240]  INFO -- : 0:  debug_inspector (0.0.2) from /Users/tamara/.gem/ruby/2.0.0/specifications/debug_inspector-0.0.2.gemspec
I, [2014-02-04T15:40:35.924418 #2240]  INFO -- : 0:  binding_of_caller (0.7.2) from /Users/tamara/.gem/ruby/2.0.0/specifications/binding_of_caller-0.7.2.gemspec
I, [2014-02-04T15:40:35.924696 #2240]  INFO -- : 0:  coderay (1.1.0) from /Users/tamara/.gem/ruby/2.0.0/specifications/coderay-1.1.0.gemspec
I, [2014-02-04T15:40:35.925016 #2240]  INFO -- : 0:  columnize (0.3.6) from /Users/tamara/.gem/ruby/2.0.0/specifications/columnize-0.3.6.gemspec
I, [2014-02-04T15:40:35.925323 #2240]  INFO -- : 0:  debugger-linecache (1.2.0) from /Users/tamara/.gem/ruby/2.0.0/specifications/debugger-linecache-1.2.0.gemspec
I, [2014-02-04T15:40:35.925616 #2240]  INFO -- : 0:  debugger-ruby_core_source (1.3.1) from /Users/tamara/.gem/ruby/2.0.0/specifications/debugger-ruby_core_source-1.3.1.gemspec
I, [2014-02-04T15:40:35.925904 #2240]  INFO -- : 0:  debugger (1.6.5) from /Users/tamara/.gem/ruby/2.0.0/specifications/debugger-1.6.5.gemspec
I, [2014-02-04T15:40:35.926197 #2240]  INFO -- : 0:  diff-lcs (1.2.5) from /Users/tamara/.gem/ruby/2.0.0/specifications/diff-lcs-1.2.5.gemspec
I, [2014-02-04T15:40:35.926483 #2240]  INFO -- : 0:  diffy (3.0.1) from /Users/tamara/.gem/ruby/2.0.0/specifications/diffy-3.0.1.gemspec
I, [2014-02-04T15:40:35.926780 #2240]  INFO -- : 0:  mime-types (1.25.1) from /Users/tamara/.gem/ruby/2.0.0/specifications/mime-types-1.25.1.gemspec
I, [2014-02-04T15:40:35.927070 #2240]  INFO -- : 0:  posix-spawn (0.3.8) from /Users/tamara/.gem/ruby/2.0.0/specifications/posix-spawn-0.3.8.gemspec
I, [2014-02-04T15:40:35.927357 #2240]  INFO -- : 0:  grit (2.5.0) from /Users/tamara/.gem/ruby/2.0.0/specifications/grit-2.5.0.gemspec
I, [2014-02-04T15:40:35.927659 #2240]  INFO -- : 0:  method_source (0.8.2) from /Users/tamara/.gem/ruby/2.0.0/specifications/method_source-0.8.2.gemspec
I, [2014-02-04T15:40:35.927952 #2240]  INFO -- : 0:  slop (3.4.7) from /Users/tamara/.gem/ruby/2.0.0/specifications/slop-3.4.7.gemspec
I, [2014-02-04T15:40:35.928247 #2240]  INFO -- : 0:  pry (0.9.12.6) from /Users/tamara/.gem/ruby/2.0.0/specifications/pry-0.9.12.6.gemspec
I, [2014-02-04T15:40:35.928532 #2240]  INFO -- : 0:  pry-debugger (0.2.2) from /Users/tamara/.gem/ruby/2.0.0/specifications/pry-debugger-0.2.2.gemspec
I, [2014-02-04T15:40:35.928815 #2240]  INFO -- : 0:  yard (0.8.7.3) from /Users/tamara/.gem/ruby/2.0.0/specifications/yard-0.8.7.3.gemspec
I, [2014-02-04T15:40:40.501143 #2240]  INFO -- : 0:  pry-doc (0.5.1) from /Users/tamara/.gem/ruby/2.0.0/specifications/pry-doc-0.5.1.gemspec
I, [2014-02-04T15:40:40.501718 #2240]  INFO -- : 0:  pry-git (0.2.3) from /Users/tamara/.gem/ruby/2.0.0/specifications/pry-git-0.2.3.gemspec
I, [2014-02-04T15:40:40.502031 #2240]  INFO -- : 0:  pry-nav (0.2.3) from /Users/tamara/.gem/ruby/2.0.0/specifications/pry-nav-0.2.3.gemspec
I, [2014-02-04T15:40:40.502341 #2240]  INFO -- : 0:  pry-remote (0.1.8) from /Users/tamara/.gem/ruby/2.0.0/specifications/pry-remote-0.1.8.gemspec
I, [2014-02-04T15:40:40.502645 #2240]  INFO -- : 0:  pry-stack_explorer (0.4.9.1) from /Users/tamara/.gem/ruby/2.0.0/specifications/pry-stack_explorer-0.4.9.1.gemspec
I, [2014-02-04T15:40:40.502955 #2240]  INFO -- : 0:  rack (1.5.2) from /Users/tamara/.gem/ruby/2.0.0/specifications/rack-1.5.2.gemspec
I, [2014-02-04T15:40:40.503242 #2240]  INFO -- : 0:  rack-protection (1.5.2) from /Users/tamara/.gem/ruby/2.0.0/specifications/rack-protection-1.5.2.gemspec
I, [2014-02-04T15:40:40.503566 #2240]  INFO -- : 0:  tilt (1.4.1) from /Users/tamara/.gem/ruby/2.0.0/specifications/tilt-1.4.1.gemspec
I, [2014-02-04T15:40:40.503835 #2240]  INFO -- : 0:  sinatra (1.4.4) from /Users/tamara/.gem/ruby/2.0.0/specifications/sinatra-1.4.4.gemspec
I, [2014-02-04T15:40:40.504086 #2240]  INFO -- : 0:  bundler (1.5.1) from /Users/tamara/.gem/ruby/2.0.0/specifications/bundler-1.5.1.gemspec
